{"D:\\SOFT3888\\survey-app\\server\\data\\descriptive_format.js": {"path":"D:\\SOFT3888\\survey-app\\server\\data\\descriptive_format.js","statementMap":{"0":{"start":{"line":1,"column":29},"end":{"line":113,"column":1}},"1":{"start":{"line":117,"column":30},"end":{"line":117,"column":74}},"2":{"start":{"line":121,"column":27},"end":{"line":170,"column":1}},"3":{"start":{"line":173,"column":0},"end":{"line":173,"column":84}}},"fnMap":{},"branchMap":{},"s":{"0":1,"1":1,"2":1,"3":1},"f":{},"b":{},"_coverageSchema":"1a1c01bbd47fc00a2c39e90264f33305004495a9","hash":"a52befd30d6616ba5119b41cfe16faf0096ec81e"}
,"D:\\SOFT3888\\survey-app\\server\\data\\matrix_format.js": {"path":"D:\\SOFT3888\\survey-app\\server\\data\\matrix_format.js","statementMap":{"0":{"start":{"line":1,"column":24},"end":{"line":178,"column":1}},"1":{"start":{"line":182,"column":25},"end":{"line":182,"column":89}},"2":{"start":{"line":186,"column":22},"end":{"line":268,"column":1}},"3":{"start":{"line":271,"column":0},"end":{"line":271,"column":69}}},"fnMap":{},"branchMap":{},"s":{"0":3,"1":3,"2":3,"3":3},"f":{},"b":{},"_coverageSchema":"1a1c01bbd47fc00a2c39e90264f33305004495a9","hash":"0b0f532e6818d0ecf3d286b542aa66b5445977d6"}
,"D:\\SOFT3888\\survey-app\\server\\data\\mcq_format.js": {"path":"D:\\SOFT3888\\survey-app\\server\\data\\mcq_format.js","statementMap":{"0":{"start":{"line":1,"column":21},"end":{"line":142,"column":1}},"1":{"start":{"line":145,"column":18},"end":{"line":145,"column":74}},"2":{"start":{"line":149,"column":19},"end":{"line":213,"column":5}},"3":{"start":{"line":217,"column":0},"end":{"line":217,"column":56}}},"fnMap":{},"branchMap":{},"s":{"0":3,"1":3,"2":3,"3":3},"f":{},"b":{},"_coverageSchema":"1a1c01bbd47fc00a2c39e90264f33305004495a9","hash":"9cf46be316059e13b2f8444072b2590b7edd6b5d"}
,"D:\\SOFT3888\\survey-app\\server\\data\\slider_format.js": {"path":"D:\\SOFT3888\\survey-app\\server\\data\\slider_format.js","statementMap":{"0":{"start":{"line":1,"column":24},"end":{"line":127,"column":1}},"1":{"start":{"line":131,"column":21},"end":{"line":131,"column":91}},"2":{"start":{"line":135,"column":22},"end":{"line":193,"column":1}},"3":{"start":{"line":196,"column":0},"end":{"line":196,"column":65}}},"fnMap":{},"branchMap":{},"s":{"0":3,"1":3,"2":3,"3":3},"f":{},"b":{},"_coverageSchema":"1a1c01bbd47fc00a2c39e90264f33305004495a9","hash":"aa76b7b64f59d8b5af1a888fa1d907a4e7472d83"}
,"D:\\SOFT3888\\survey-app\\server\\data\\textInput_format.js": {"path":"D:\\SOFT3888\\survey-app\\server\\data\\textInput_format.js","statementMap":{"0":{"start":{"line":1,"column":22},"end":{"line":105,"column":1}},"1":{"start":{"line":108,"column":19},"end":{"line":108,"column":63}},"2":{"start":{"line":112,"column":20},"end":{"line":154,"column":1}},"3":{"start":{"line":157,"column":0},"end":{"line":157,"column":59}}},"fnMap":{},"branchMap":{},"s":{"0":1,"1":1,"2":1,"3":1},"f":{},"b":{},"_coverageSchema":"1a1c01bbd47fc00a2c39e90264f33305004495a9","hash":"aa1b684c667ba64d9be681c81ad36ee084f08f5d"}
,"D:\\SOFT3888\\survey-app\\server\\database\\db.js": {"path":"D:\\SOFT3888\\survey-app\\server\\database\\db.js","statementMap":{"0":{"start":{"line":2,"column":14},"end":{"line":2,"column":31}},"1":{"start":{"line":3,"column":11},"end":{"line":8,"column":2}},"2":{"start":{"line":10,"column":0},"end":{"line":16,"column":3}},"3":{"start":{"line":11,"column":4},"end":{"line":14,"column":5}},"4":{"start":{"line":12,"column":8},"end":{"line":12,"column":64}},"5":{"start":{"line":13,"column":8},"end":{"line":13,"column":15}},"6":{"start":{"line":15,"column":4},"end":{"line":15,"column":38}},"7":{"start":{"line":18,"column":0},"end":{"line":18,"column":20}}},"fnMap":{"0":{"name":"(anonymous_0)","decl":{"start":{"line":10,"column":12},"end":{"line":10,"column":13}},"loc":{"start":{"line":10,"column":18},"end":{"line":16,"column":1}},"line":10}},"branchMap":{"0":{"loc":{"start":{"line":11,"column":4},"end":{"line":14,"column":5}},"type":"if","locations":[{"start":{"line":11,"column":4},"end":{"line":14,"column":5}},{"start":{},"end":{}}],"line":11}},"s":{"0":1,"1":1,"2":1,"3":0,"4":0,"5":0,"6":0,"7":1},"f":{"0":0},"b":{"0":[0,0]},"_coverageSchema":"1a1c01bbd47fc00a2c39e90264f33305004495a9","hash":"11a9affa1df77635793317d2db2ac4245ea21180"}
,"D:\\SOFT3888\\survey-app\\server\\database\\helperFunctions.js": {"path":"D:\\SOFT3888\\survey-app\\server\\database\\helperFunctions.js","statementMap":{"0":{"start":{"line":1,"column":11},"end":{"line":1,"column":26}},"1":{"start":{"line":4,"column":19},"end":{"line":12,"column":1}},"2":{"start":{"line":5,"column":4},"end":{"line":11,"column":7}},"3":{"start":{"line":6,"column":22},"end":{"line":6,"column":66}},"4":{"start":{"line":7,"column":8},"end":{"line":10,"column":11}},"5":{"start":{"line":8,"column":12},"end":{"line":8,"column":40}},"6":{"start":{"line":8,"column":21},"end":{"line":8,"column":40}},"7":{"start":{"line":9,"column":12},"end":{"line":9,"column":29}},"8":{"start":{"line":15,"column":23},"end":{"line":23,"column":1}},"9":{"start":{"line":16,"column":4},"end":{"line":22,"column":7}},"10":{"start":{"line":17,"column":22},"end":{"line":17,"column":57}},"11":{"start":{"line":18,"column":8},"end":{"line":21,"column":11}},"12":{"start":{"line":19,"column":12},"end":{"line":19,"column":40}},"13":{"start":{"line":19,"column":21},"end":{"line":19,"column":40}},"14":{"start":{"line":20,"column":12},"end":{"line":20,"column":32}},"15":{"start":{"line":26,"column":21},"end":{"line":39,"column":1}},"16":{"start":{"line":27,"column":4},"end":{"line":38,"column":7}},"17":{"start":{"line":28,"column":22},"end":{"line":33,"column":9}},"18":{"start":{"line":34,"column":8},"end":{"line":37,"column":11}},"19":{"start":{"line":35,"column":12},"end":{"line":35,"column":40}},"20":{"start":{"line":35,"column":21},"end":{"line":35,"column":40}},"21":{"start":{"line":36,"column":12},"end":{"line":36,"column":55}},"22":{"start":{"line":36,"column":39},"end":{"line":36,"column":52}},"23":{"start":{"line":42,"column":25},"end":{"line":67,"column":1}},"24":{"start":{"line":43,"column":4},"end":{"line":66,"column":7}},"25":{"start":{"line":44,"column":8},"end":{"line":65,"column":9}},"26":{"start":{"line":45,"column":35},"end":{"line":45,"column":76}},"27":{"start":{"line":46,"column":35},"end":{"line":46,"column":77}},"28":{"start":{"line":47,"column":36},"end":{"line":47,"column":93}},"29":{"start":{"line":49,"column":34},"end":{"line":49,"column":76}},"30":{"start":{"line":50,"column":34},"end":{"line":50,"column":76}},"31":{"start":{"line":52,"column":12},"end":{"line":54,"column":13}},"32":{"start":{"line":53,"column":16},"end":{"line":53,"column":67}},"33":{"start":{"line":56,"column":27},"end":{"line":56,"column":44}},"34":{"start":{"line":57,"column":27},"end":{"line":57,"column":44}},"35":{"start":{"line":59,"column":12},"end":{"line":62,"column":15}},"36":{"start":{"line":60,"column":16},"end":{"line":60,"column":44}},"37":{"start":{"line":60,"column":25},"end":{"line":60,"column":44}},"38":{"start":{"line":61,"column":16},"end":{"line":61,"column":33}},"39":{"start":{"line":64,"column":12},"end":{"line":64,"column":24}},"40":{"start":{"line":70,"column":19},"end":{"line":78,"column":1}},"41":{"start":{"line":71,"column":4},"end":{"line":77,"column":7}},"42":{"start":{"line":72,"column":22},"end":{"line":72,"column":64}},"43":{"start":{"line":73,"column":8},"end":{"line":76,"column":11}},"44":{"start":{"line":74,"column":12},"end":{"line":74,"column":40}},"45":{"start":{"line":74,"column":21},"end":{"line":74,"column":40}},"46":{"start":{"line":75,"column":12},"end":{"line":75,"column":29}},"47":{"start":{"line":80,"column":0},"end":{"line":83,"column":2}}},"fnMap":{"0":{"name":"(anonymous_0)","decl":{"start":{"line":4,"column":19},"end":{"line":4,"column":20}},"loc":{"start":{"line":4,"column":45},"end":{"line":12,"column":1}},"line":4},"1":{"name":"(anonymous_1)","decl":{"start":{"line":5,"column":23},"end":{"line":5,"column":24}},"loc":{"start":{"line":5,"column":44},"end":{"line":11,"column":5}},"line":5},"2":{"name":"(anonymous_2)","decl":{"start":{"line":7,"column":48},"end":{"line":7,"column":49}},"loc":{"start":{"line":7,"column":66},"end":{"line":10,"column":9}},"line":7},"3":{"name":"(anonymous_3)","decl":{"start":{"line":15,"column":23},"end":{"line":15,"column":24}},"loc":{"start":{"line":15,"column":33},"end":{"line":23,"column":1}},"line":15},"4":{"name":"(anonymous_4)","decl":{"start":{"line":16,"column":23},"end":{"line":16,"column":24}},"loc":{"start":{"line":16,"column":44},"end":{"line":22,"column":5}},"line":16},"5":{"name":"(anonymous_5)","decl":{"start":{"line":18,"column":32},"end":{"line":18,"column":33}},"loc":{"start":{"line":18,"column":50},"end":{"line":21,"column":9}},"line":18},"6":{"name":"(anonymous_6)","decl":{"start":{"line":26,"column":21},"end":{"line":26,"column":22}},"loc":{"start":{"line":26,"column":35},"end":{"line":39,"column":1}},"line":26},"7":{"name":"(anonymous_7)","decl":{"start":{"line":27,"column":23},"end":{"line":27,"column":24}},"loc":{"start":{"line":27,"column":44},"end":{"line":38,"column":5}},"line":27},"8":{"name":"(anonymous_8)","decl":{"start":{"line":34,"column":36},"end":{"line":34,"column":37}},"loc":{"start":{"line":34,"column":54},"end":{"line":37,"column":9}},"line":34},"9":{"name":"(anonymous_9)","decl":{"start":{"line":36,"column":32},"end":{"line":36,"column":33}},"loc":{"start":{"line":36,"column":39},"end":{"line":36,"column":52}},"line":36},"10":{"name":"(anonymous_10)","decl":{"start":{"line":42,"column":25},"end":{"line":42,"column":26}},"loc":{"start":{"line":42,"column":49},"end":{"line":67,"column":1}},"line":42},"11":{"name":"(anonymous_11)","decl":{"start":{"line":43,"column":23},"end":{"line":43,"column":24}},"loc":{"start":{"line":43,"column":50},"end":{"line":66,"column":5}},"line":43},"12":{"name":"(anonymous_12)","decl":{"start":{"line":59,"column":56},"end":{"line":59,"column":57}},"loc":{"start":{"line":59,"column":74},"end":{"line":62,"column":13}},"line":59},"13":{"name":"(anonymous_13)","decl":{"start":{"line":70,"column":19},"end":{"line":70,"column":20}},"loc":{"start":{"line":70,"column":33},"end":{"line":78,"column":1}},"line":70},"14":{"name":"(anonymous_14)","decl":{"start":{"line":71,"column":23},"end":{"line":71,"column":24}},"loc":{"start":{"line":71,"column":44},"end":{"line":77,"column":5}},"line":71},"15":{"name":"(anonymous_15)","decl":{"start":{"line":73,"column":36},"end":{"line":73,"column":37}},"loc":{"start":{"line":73,"column":54},"end":{"line":76,"column":9}},"line":73}},"branchMap":{"0":{"loc":{"start":{"line":8,"column":12},"end":{"line":8,"column":40}},"type":"if","locations":[{"start":{"line":8,"column":12},"end":{"line":8,"column":40}},{"start":{},"end":{}}],"line":8},"1":{"loc":{"start":{"line":19,"column":12},"end":{"line":19,"column":40}},"type":"if","locations":[{"start":{"line":19,"column":12},"end":{"line":19,"column":40}},{"start":{},"end":{}}],"line":19},"2":{"loc":{"start":{"line":35,"column":12},"end":{"line":35,"column":40}},"type":"if","locations":[{"start":{"line":35,"column":12},"end":{"line":35,"column":40}},{"start":{},"end":{}}],"line":35},"3":{"loc":{"start":{"line":52,"column":12},"end":{"line":54,"column":13}},"type":"if","locations":[{"start":{"line":52,"column":12},"end":{"line":54,"column":13}},{"start":{},"end":{}}],"line":52},"4":{"loc":{"start":{"line":52,"column":16},"end":{"line":52,"column":68}},"type":"binary-expr","locations":[{"start":{"line":52,"column":16},"end":{"line":52,"column":40}},{"start":{"line":52,"column":44},"end":{"line":52,"column":68}}],"line":52},"5":{"loc":{"start":{"line":60,"column":16},"end":{"line":60,"column":44}},"type":"if","locations":[{"start":{"line":60,"column":16},"end":{"line":60,"column":44}},{"start":{},"end":{}}],"line":60},"6":{"loc":{"start":{"line":74,"column":12},"end":{"line":74,"column":40}},"type":"if","locations":[{"start":{"line":74,"column":12},"end":{"line":74,"column":40}},{"start":{},"end":{}}],"line":74}},"s":{"0":1,"1":1,"2":0,"3":0,"4":0,"5":0,"6":0,"7":0,"8":1,"9":0,"10":0,"11":0,"12":0,"13":0,"14":0,"15":1,"16":0,"17":0,"18":0,"19":0,"20":0,"21":0,"22":0,"23":1,"24":0,"25":0,"26":0,"27":0,"28":0,"29":0,"30":0,"31":0,"32":0,"33":0,"34":0,"35":0,"36":0,"37":0,"38":0,"39":0,"40":1,"41":0,"42":0,"43":0,"44":0,"45":0,"46":0,"47":1},"f":{"0":0,"1":0,"2":0,"3":0,"4":0,"5":0,"6":0,"7":0,"8":0,"9":0,"10":0,"11":0,"12":0,"13":0,"14":0,"15":0},"b":{"0":[0,0],"1":[0,0],"2":[0,0],"3":[0,0],"4":[0,0],"5":[0,0],"6":[0,0]},"_coverageSchema":"1a1c01bbd47fc00a2c39e90264f33305004495a9","hash":"346cda9275f5d78329a6a7724febe0cd3884c2e8"}
,"D:\\SOFT3888\\survey-app\\server\\database\\surveyGenerationFunctions.js": {"path":"D:\\SOFT3888\\survey-app\\server\\database\\surveyGenerationFunctions.js","statementMap":{"0":{"start":{"line":1,"column":16},"end":{"line":1,"column":45}},"1":{"start":{"line":4,"column":21},"end":{"line":22,"column":1}},"2":{"start":{"line":5,"column":23},"end":{"line":14,"column":5}},"3":{"start":{"line":16,"column":4},"end":{"line":21,"column":5}},"4":{"start":{"line":17,"column":8},"end":{"line":17,"column":54}},"5":{"start":{"line":18,"column":8},"end":{"line":18,"column":65}},"6":{"start":{"line":20,"column":8},"end":{"line":20,"column":77}},"7":{"start":{"line":26,"column":25},"end":{"line":38,"column":1}},"8":{"start":{"line":27,"column":27},"end":{"line":30,"column":5}},"9":{"start":{"line":32,"column":4},"end":{"line":37,"column":5}},"10":{"start":{"line":33,"column":8},"end":{"line":33,"column":63}},"11":{"start":{"line":34,"column":8},"end":{"line":34,"column":75}},"12":{"start":{"line":36,"column":8},"end":{"line":36,"column":87}},"13":{"start":{"line":41,"column":0},"end":{"line":41,"column":51}}},"fnMap":{"0":{"name":"(anonymous_0)","decl":{"start":{"line":4,"column":21},"end":{"line":4,"column":22}},"loc":{"start":{"line":4,"column":99},"end":{"line":22,"column":1}},"line":4},"1":{"name":"(anonymous_1)","decl":{"start":{"line":26,"column":25},"end":{"line":26,"column":26}},"loc":{"start":{"line":26,"column":55},"end":{"line":38,"column":1}},"line":26}},"branchMap":{},"s":{"0":1,"1":1,"2":2,"3":2,"4":2,"5":1,"6":1,"7":1,"8":2,"9":2,"10":2,"11":1,"12":1,"13":1},"f":{"0":2,"1":2},"b":{},"_coverageSchema":"1a1c01bbd47fc00a2c39e90264f33305004495a9","hash":"388874e0d78181e94c32962df6dad0340f6362e6"}
,"D:\\SOFT3888\\survey-app\\server\\database\\viewSurveysHelper.js": {"path":"D:\\SOFT3888\\survey-app\\server\\database\\viewSurveysHelper.js","statementMap":{"0":{"start":{"line":1,"column":16},"end":{"line":1,"column":45}},"1":{"start":{"line":8,"column":29},"end":{"line":22,"column":1}},"2":{"start":{"line":9,"column":18},"end":{"line":13,"column":5}},"3":{"start":{"line":15,"column":4},"end":{"line":21,"column":5}},"4":{"start":{"line":16,"column":24},"end":{"line":16,"column":69}},"5":{"start":{"line":17,"column":8},"end":{"line":17,"column":23}},"6":{"start":{"line":19,"column":8},"end":{"line":19,"column":68}},"7":{"start":{"line":20,"column":8},"end":{"line":20,"column":20}},"8":{"start":{"line":30,"column":21},"end":{"line":39,"column":1}},"9":{"start":{"line":31,"column":4},"end":{"line":38,"column":5}},"10":{"start":{"line":33,"column":23},"end":{"line":33,"column":89}},"11":{"start":{"line":34,"column":8},"end":{"line":34,"column":22}},"12":{"start":{"line":36,"column":8},"end":{"line":36,"column":75}},"13":{"start":{"line":37,"column":8},"end":{"line":37,"column":20}},"14":{"start":{"line":42,"column":0},"end":{"line":45,"column":2}}},"fnMap":{"0":{"name":"(anonymous_0)","decl":{"start":{"line":8,"column":29},"end":{"line":8,"column":30}},"loc":{"start":{"line":8,"column":49},"end":{"line":22,"column":1}},"line":8},"1":{"name":"(anonymous_1)","decl":{"start":{"line":30,"column":21},"end":{"line":30,"column":22}},"loc":{"start":{"line":30,"column":41},"end":{"line":39,"column":1}},"line":30}},"branchMap":{},"s":{"0":1,"1":1,"2":2,"3":2,"4":2,"5":1,"6":1,"7":1,"8":1,"9":2,"10":2,"11":1,"12":1,"13":1,"14":1},"f":{"0":2,"1":2},"b":{},"_coverageSchema":"1a1c01bbd47fc00a2c39e90264f33305004495a9","hash":"7ade3b9083fa1ca0b0f1524dc07c406f2aba9119"}
,"D:\\SOFT3888\\survey-app\\server\\dbtools\\database.js": {"path":"D:\\SOFT3888\\survey-app\\server\\dbtools\\database.js","statementMap":{"0":{"start":{"line":1,"column":14},"end":{"line":1,"column":31}},"1":{"start":{"line":3,"column":19},"end":{"line":8,"column":2}},"2":{"start":{"line":10,"column":0},"end":{"line":16,"column":3}},"3":{"start":{"line":11,"column":4},"end":{"line":14,"column":5}},"4":{"start":{"line":12,"column":8},"end":{"line":12,"column":70}},"5":{"start":{"line":13,"column":8},"end":{"line":13,"column":15}},"6":{"start":{"line":15,"column":4},"end":{"line":15,"column":74}},"7":{"start":{"line":19,"column":0},"end":{"line":19,"column":28}}},"fnMap":{"0":{"name":"(anonymous_0)","decl":{"start":{"line":10,"column":19},"end":{"line":10,"column":20}},"loc":{"start":{"line":10,"column":28},"end":{"line":16,"column":1}},"line":10}},"branchMap":{"0":{"loc":{"start":{"line":11,"column":4},"end":{"line":14,"column":5}},"type":"if","locations":[{"start":{"line":11,"column":4},"end":{"line":14,"column":5}},{"start":{},"end":{}}],"line":11}},"s":{"0":2,"1":2,"2":2,"3":0,"4":0,"5":0,"6":0,"7":2},"f":{"0":0},"b":{"0":[0,0]},"_coverageSchema":"1a1c01bbd47fc00a2c39e90264f33305004495a9","hash":"9963219f19f6a31fa61e2a7457284fd1d660f4b4"}
,"D:\\SOFT3888\\survey-app\\server\\dbtools\\dbUtils.js": {"path":"D:\\SOFT3888\\survey-app\\server\\dbtools\\dbUtils.js","statementMap":{"0":{"start":{"line":3,"column":11},"end":{"line":3,"column":32}},"1":{"start":{"line":12,"column":4},"end":{"line":19,"column":7}},"2":{"start":{"line":13,"column":8},"end":{"line":18,"column":11}},"3":{"start":{"line":14,"column":12},"end":{"line":16,"column":13}},"4":{"start":{"line":15,"column":16},"end":{"line":15,"column":35}},"5":{"start":{"line":17,"column":12},"end":{"line":17,"column":29}},"6":{"start":{"line":28,"column":18},"end":{"line":28,"column":36}},"7":{"start":{"line":29,"column":4},"end":{"line":29,"column":50}},"8":{"start":{"line":40,"column":18},"end":{"line":40,"column":49}},"9":{"start":{"line":41,"column":4},"end":{"line":41,"column":69}},"10":{"start":{"line":51,"column":18},"end":{"line":51,"column":40}},"11":{"start":{"line":52,"column":4},"end":{"line":52,"column":56}},"12":{"start":{"line":64,"column":18},"end":{"line":64,"column":48}},"13":{"start":{"line":65,"column":4},"end":{"line":65,"column":75}},"14":{"start":{"line":76,"column":18},"end":{"line":76,"column":47}},"15":{"start":{"line":77,"column":4},"end":{"line":77,"column":69}},"16":{"start":{"line":80,"column":0},"end":{"line":87,"column":2}}},"fnMap":{"0":{"name":"executeQuery","decl":{"start":{"line":11,"column":15},"end":{"line":11,"column":27}},"loc":{"start":{"line":11,"column":48},"end":{"line":20,"column":1}},"line":11},"1":{"name":"(anonymous_1)","decl":{"start":{"line":12,"column":23},"end":{"line":12,"column":24}},"loc":{"start":{"line":12,"column":44},"end":{"line":19,"column":5}},"line":12},"2":{"name":"(anonymous_2)","decl":{"start":{"line":13,"column":32},"end":{"line":13,"column":33}},"loc":{"start":{"line":13,"column":50},"end":{"line":18,"column":9}},"line":13},"3":{"name":"getAll","decl":{"start":{"line":27,"column":15},"end":{"line":27,"column":21}},"loc":{"start":{"line":27,"column":33},"end":{"line":30,"column":1}},"line":27},"4":{"name":"getById","decl":{"start":{"line":39,"column":15},"end":{"line":39,"column":22}},"loc":{"start":{"line":39,"column":53},"end":{"line":42,"column":1}},"line":39},"5":{"name":"insertRow","decl":{"start":{"line":50,"column":15},"end":{"line":50,"column":24}},"loc":{"start":{"line":50,"column":42},"end":{"line":53,"column":1}},"line":50},"6":{"name":"updateRow","decl":{"start":{"line":63,"column":15},"end":{"line":63,"column":24}},"loc":{"start":{"line":63,"column":61},"end":{"line":66,"column":1}},"line":63},"7":{"name":"deleteRow","decl":{"start":{"line":75,"column":15},"end":{"line":75,"column":24}},"loc":{"start":{"line":75,"column":55},"end":{"line":78,"column":1}},"line":75}},"branchMap":{"0":{"loc":{"start":{"line":11,"column":35},"end":{"line":11,"column":46}},"type":"default-arg","locations":[{"start":{"line":11,"column":44},"end":{"line":11,"column":46}}],"line":11},"1":{"loc":{"start":{"line":14,"column":12},"end":{"line":16,"column":13}},"type":"if","locations":[{"start":{"line":14,"column":12},"end":{"line":16,"column":13}},{"start":{},"end":{}}],"line":14}},"s":{"0":2,"1":0,"2":0,"3":0,"4":0,"5":0,"6":0,"7":0,"8":0,"9":0,"10":0,"11":0,"12":0,"13":0,"14":0,"15":0,"16":2},"f":{"0":0,"1":0,"2":0,"3":0,"4":0,"5":0,"6":0,"7":0},"b":{"0":[0],"1":[0,0]},"_coverageSchema":"1a1c01bbd47fc00a2c39e90264f33305004495a9","hash":"959af99a53e3ac7df32aac717315e7c8d6d15f11"}
,"D:\\SOFT3888\\survey-app\\server\\routes\\Authentication\\authController.js": {"path":"D:\\SOFT3888\\survey-app\\server\\routes\\Authentication\\authController.js","statementMap":{"0":{"start":{"line":1,"column":15},"end":{"line":1,"column":32}},"1":{"start":{"line":2,"column":39},"end":{"line":2,"column":80}},"2":{"start":{"line":3,"column":19},"end":{"line":3,"column":21}},"3":{"start":{"line":4,"column":11},"end":{"line":4,"column":39}},"4":{"start":{"line":9,"column":21},"end":{"line":25,"column":1}},"5":{"start":{"line":10,"column":35},"end":{"line":10,"column":43}},"6":{"start":{"line":11,"column":4},"end":{"line":24,"column":5}},"7":{"start":{"line":12,"column":8},"end":{"line":12,"column":64}},"8":{"start":{"line":13,"column":31},"end":{"line":13,"column":70}},"9":{"start":{"line":14,"column":23},"end":{"line":14,"column":65}},"10":{"start":{"line":15,"column":8},"end":{"line":15,"column":57}},"11":{"start":{"line":20,"column":8},"end":{"line":20,"column":78}},"12":{"start":{"line":22,"column":8},"end":{"line":22,"column":56}},"13":{"start":{"line":23,"column":8},"end":{"line":23,"column":85}},"14":{"start":{"line":28,"column":18},"end":{"line":47,"column":1}},"15":{"start":{"line":29,"column":35},"end":{"line":29,"column":43}},"16":{"start":{"line":30,"column":4},"end":{"line":30,"column":41}},"17":{"start":{"line":31,"column":4},"end":{"line":46,"column":5}},"18":{"start":{"line":32,"column":21},"end":{"line":32,"column":51}},"19":{"start":{"line":33,"column":8},"end":{"line":35,"column":9}},"20":{"start":{"line":34,"column":12},"end":{"line":34,"column":111}},"21":{"start":{"line":37,"column":30},"end":{"line":37,"column":70}},"22":{"start":{"line":38,"column":8},"end":{"line":40,"column":9}},"23":{"start":{"line":39,"column":12},"end":{"line":39,"column":111}},"24":{"start":{"line":42,"column":8},"end":{"line":42,"column":101}},"25":{"start":{"line":44,"column":8},"end":{"line":44,"column":55}},"26":{"start":{"line":45,"column":8},"end":{"line":45,"column":84}},"27":{"start":{"line":48,"column":26},"end":{"line":77,"column":1}},"28":{"start":{"line":49,"column":41},"end":{"line":49,"column":49}},"29":{"start":{"line":51,"column":4},"end":{"line":51,"column":68}},"30":{"start":{"line":53,"column":4},"end":{"line":76,"column":5}},"31":{"start":{"line":54,"column":8},"end":{"line":56,"column":9}},"32":{"start":{"line":55,"column":12},"end":{"line":55,"column":52}},"33":{"start":{"line":58,"column":8},"end":{"line":58,"column":43}},"34":{"start":{"line":59,"column":31},"end":{"line":59,"column":73}},"35":{"start":{"line":61,"column":8},"end":{"line":61,"column":74}},"36":{"start":{"line":62,"column":32},"end":{"line":62,"column":72}},"37":{"start":{"line":65,"column":23},"end":{"line":65,"column":87}},"38":{"start":{"line":68,"column":8},"end":{"line":68,"column":46}},"39":{"start":{"line":71,"column":8},"end":{"line":71,"column":87}},"40":{"start":{"line":74,"column":8},"end":{"line":74,"column":53}},"41":{"start":{"line":75,"column":8},"end":{"line":75,"column":82}},"42":{"start":{"line":82,"column":0},"end":{"line":86,"column":2}}},"fnMap":{"0":{"name":"(anonymous_0)","decl":{"start":{"line":9,"column":21},"end":{"line":9,"column":22}},"loc":{"start":{"line":9,"column":41},"end":{"line":25,"column":1}},"line":9},"1":{"name":"(anonymous_1)","decl":{"start":{"line":28,"column":18},"end":{"line":28,"column":19}},"loc":{"start":{"line":28,"column":38},"end":{"line":47,"column":1}},"line":28},"2":{"name":"(anonymous_2)","decl":{"start":{"line":48,"column":26},"end":{"line":48,"column":27}},"loc":{"start":{"line":48,"column":46},"end":{"line":77,"column":1}},"line":48}},"branchMap":{"0":{"loc":{"start":{"line":33,"column":8},"end":{"line":35,"column":9}},"type":"if","locations":[{"start":{"line":33,"column":8},"end":{"line":35,"column":9}},{"start":{},"end":{}}],"line":33},"1":{"loc":{"start":{"line":38,"column":8},"end":{"line":40,"column":9}},"type":"if","locations":[{"start":{"line":38,"column":8},"end":{"line":40,"column":9}},{"start":{},"end":{}}],"line":38},"2":{"loc":{"start":{"line":54,"column":8},"end":{"line":56,"column":9}},"type":"if","locations":[{"start":{"line":54,"column":8},"end":{"line":56,"column":9}},{"start":{},"end":{}}],"line":54}},"s":{"0":1,"1":1,"2":1,"3":1,"4":1,"5":2,"6":2,"7":2,"8":2,"9":1,"10":1,"11":1,"12":1,"13":1,"14":1,"15":4,"16":4,"17":4,"18":4,"19":3,"20":1,"21":2,"22":2,"23":1,"24":1,"25":1,"26":1,"27":1,"28":3,"29":3,"30":3,"31":3,"32":1,"33":2,"34":2,"35":1,"36":1,"37":1,"38":1,"39":1,"40":2,"41":2,"42":1},"f":{"0":2,"1":4,"2":3},"b":{"0":[1,2],"1":[1,1],"2":[1,2]},"_coverageSchema":"1a1c01bbd47fc00a2c39e90264f33305004495a9","hash":"851a1f3fe031b6de4b6ba0af6c9eae24c3f99997"}
,"D:\\SOFT3888\\survey-app\\server\\routes\\Gemini\\geminiController.js": {"path":"D:\\SOFT3888\\survey-app\\server\\routes\\Gemini\\geminiController.js","statementMap":{"0":{"start":{"line":2,"column":15},"end":{"line":2,"column":41}},"1":{"start":{"line":3,"column":31},"end":{"line":3,"column":63}},"2":{"start":{"line":5,"column":14},"end":{"line":5,"column":64}},"3":{"start":{"line":6,"column":14},"end":{"line":6,"column":68}},"4":{"start":{"line":8,"column":13},"end":{"line":8,"column":28}},"5":{"start":{"line":10,"column":18},"end":{"line":10,"column":53}},"6":{"start":{"line":11,"column":21},"end":{"line":11,"column":59}},"7":{"start":{"line":12,"column":21},"end":{"line":12,"column":59}},"8":{"start":{"line":15,"column":24},"end":{"line":31,"column":1}},"9":{"start":{"line":17,"column":4},"end":{"line":17,"column":33}},"10":{"start":{"line":18,"column":4},"end":{"line":30,"column":5}},"11":{"start":{"line":19,"column":23},"end":{"line":19,"column":58}},"12":{"start":{"line":20,"column":25},"end":{"line":20,"column":46}},"13":{"start":{"line":21,"column":21},"end":{"line":21,"column":42}},"14":{"start":{"line":23,"column":8},"end":{"line":23,"column":39}},"15":{"start":{"line":24,"column":8},"end":{"line":24,"column":19}},"16":{"start":{"line":27,"column":8},"end":{"line":27,"column":25}},"17":{"start":{"line":29,"column":8},"end":{"line":29,"column":19}},"18":{"start":{"line":81,"column":0},"end":{"line":81,"column":44}}},"fnMap":{"0":{"name":"(anonymous_0)","decl":{"start":{"line":15,"column":24},"end":{"line":15,"column":25}},"loc":{"start":{"line":15,"column":40},"end":{"line":31,"column":1}},"line":15}},"branchMap":{},"s":{"0":2,"1":2,"2":2,"3":2,"4":2,"5":2,"6":2,"7":2,"8":2,"9":2,"10":2,"11":2,"12":1,"13":1,"14":1,"15":1,"16":1,"17":1,"18":2},"f":{"0":2},"b":{},"_coverageSchema":"1a1c01bbd47fc00a2c39e90264f33305004495a9","hash":"2c6cddbd0f9f95cfef8e7f43ed6449a6cd115ded"}
,"D:\\SOFT3888\\survey-app\\server\\routes\\ManualAddition\\manualAdditionController.js": {"path":"D:\\SOFT3888\\survey-app\\server\\routes\\ManualAddition\\manualAdditionController.js","statementMap":{"0":{"start":{"line":2,"column":18},"end":{"line":2,"column":53}},"1":{"start":{"line":3,"column":21},"end":{"line":3,"column":59}},"2":{"start":{"line":4,"column":21},"end":{"line":4,"column":59}},"3":{"start":{"line":5,"column":19},"end":{"line":5,"column":60}},"4":{"start":{"line":6,"column":26},"end":{"line":6,"column":69}},"5":{"start":{"line":9,"column":22},"end":{"line":11,"column":1}},"6":{"start":{"line":10,"column":4},"end":{"line":10,"column":34}},"7":{"start":{"line":14,"column":25},"end":{"line":16,"column":1}},"8":{"start":{"line":15,"column":4},"end":{"line":15,"column":40}},"9":{"start":{"line":19,"column":25},"end":{"line":21,"column":1}},"10":{"start":{"line":20,"column":4},"end":{"line":20,"column":40}},"11":{"start":{"line":24,"column":23},"end":{"line":26,"column":1}},"12":{"start":{"line":25,"column":4},"end":{"line":25,"column":36}},"13":{"start":{"line":29,"column":30},"end":{"line":31,"column":1}},"14":{"start":{"line":30,"column":4},"end":{"line":30,"column":50}},"15":{"start":{"line":33,"column":0},"end":{"line":33,"column":110}}},"fnMap":{"0":{"name":"(anonymous_0)","decl":{"start":{"line":9,"column":22},"end":{"line":9,"column":23}},"loc":{"start":{"line":9,"column":36},"end":{"line":11,"column":1}},"line":9},"1":{"name":"(anonymous_1)","decl":{"start":{"line":14,"column":25},"end":{"line":14,"column":26}},"loc":{"start":{"line":14,"column":39},"end":{"line":16,"column":1}},"line":14},"2":{"name":"(anonymous_2)","decl":{"start":{"line":19,"column":25},"end":{"line":19,"column":26}},"loc":{"start":{"line":19,"column":39},"end":{"line":21,"column":1}},"line":19},"3":{"name":"(anonymous_3)","decl":{"start":{"line":24,"column":23},"end":{"line":24,"column":24}},"loc":{"start":{"line":24,"column":37},"end":{"line":26,"column":1}},"line":24},"4":{"name":"(anonymous_4)","decl":{"start":{"line":29,"column":30},"end":{"line":29,"column":31}},"loc":{"start":{"line":29,"column":44},"end":{"line":31,"column":1}},"line":29}},"branchMap":{},"s":{"0":1,"1":1,"2":1,"3":1,"4":1,"5":1,"6":1,"7":1,"8":1,"9":1,"10":1,"11":1,"12":1,"13":1,"14":1,"15":1},"f":{"0":1,"1":1,"2":1,"3":1,"4":1},"b":{},"_coverageSchema":"1a1c01bbd47fc00a2c39e90264f33305004495a9","hash":"8df95f121aa71bdf9b0508836d361f5259ddf686"}
,"D:\\SOFT3888\\survey-app\\server\\routes\\QuestionGeneration\\questionGenerationController.js": {"path":"D:\\SOFT3888\\survey-app\\server\\routes\\QuestionGeneration\\questionGenerationController.js","statementMap":{"0":{"start":{"line":1,"column":25},"end":{"line":1,"column":62}},"1":{"start":{"line":4,"column":18},"end":{"line":4,"column":53}},"2":{"start":{"line":5,"column":21},"end":{"line":5,"column":59}},"3":{"start":{"line":6,"column":21},"end":{"line":6,"column":59}},"4":{"start":{"line":7,"column":19},"end":{"line":7,"column":60}},"5":{"start":{"line":8,"column":26},"end":{"line":8,"column":69}},"6":{"start":{"line":9,"column":13},"end":{"line":9,"column":28}},"7":{"start":{"line":14,"column":31},"end":{"line":21,"column":1}},"8":{"start":{"line":16,"column":4},"end":{"line":20,"column":125}},"9":{"start":{"line":25,"column":29},"end":{"line":31,"column":1}},"10":{"start":{"line":26,"column":4},"end":{"line":30,"column":1}},"11":{"start":{"line":34,"column":27},"end":{"line":41,"column":1}},"12":{"start":{"line":36,"column":4},"end":{"line":38,"column":5}},"13":{"start":{"line":37,"column":8},"end":{"line":37,"column":21}},"14":{"start":{"line":40,"column":4},"end":{"line":40,"column":62}},"15":{"start":{"line":40,"column":32},"end":{"line":40,"column":49}},"16":{"start":{"line":44,"column":20},"end":{"line":60,"column":1}},"17":{"start":{"line":46,"column":22},"end":{"line":46,"column":62}},"18":{"start":{"line":48,"column":4},"end":{"line":59,"column":5}},"19":{"start":{"line":49,"column":27},"end":{"line":49,"column":46}},"20":{"start":{"line":50,"column":8},"end":{"line":55,"column":9}},"21":{"start":{"line":51,"column":12},"end":{"line":51,"column":42}},"22":{"start":{"line":53,"column":12},"end":{"line":53,"column":58}},"23":{"start":{"line":54,"column":12},"end":{"line":54,"column":24}},"24":{"start":{"line":57,"column":8},"end":{"line":57,"column":60}},"25":{"start":{"line":58,"column":8},"end":{"line":58,"column":20}},"26":{"start":{"line":64,"column":27},"end":{"line":94,"column":1}},"27":{"start":{"line":66,"column":24},"end":{"line":66,"column":52}},"28":{"start":{"line":67,"column":19},"end":{"line":67,"column":109}},"29":{"start":{"line":71,"column":4},"end":{"line":93,"column":5}},"30":{"start":{"line":73,"column":21},"end":{"line":73,"column":67}},"31":{"start":{"line":75,"column":8},"end":{"line":89,"column":9}},"32":{"start":{"line":77,"column":29},"end":{"line":77,"column":46}},"33":{"start":{"line":79,"column":12},"end":{"line":85,"column":13}},"34":{"start":{"line":81,"column":16},"end":{"line":81,"column":31}},"35":{"start":{"line":83,"column":16},"end":{"line":83,"column":51}},"36":{"start":{"line":84,"column":16},"end":{"line":84,"column":27}},"37":{"start":{"line":87,"column":12},"end":{"line":87,"column":53}},"38":{"start":{"line":88,"column":12},"end":{"line":88,"column":23}},"39":{"start":{"line":91,"column":8},"end":{"line":91,"column":27}},"40":{"start":{"line":92,"column":8},"end":{"line":92,"column":65}},"41":{"start":{"line":98,"column":26},"end":{"line":128,"column":1}},"42":{"start":{"line":100,"column":19},"end":{"line":100,"column":66}},"43":{"start":{"line":105,"column":4},"end":{"line":127,"column":5}},"44":{"start":{"line":107,"column":21},"end":{"line":107,"column":67}},"45":{"start":{"line":109,"column":8},"end":{"line":123,"column":9}},"46":{"start":{"line":111,"column":29},"end":{"line":111,"column":46}},"47":{"start":{"line":113,"column":12},"end":{"line":119,"column":13}},"48":{"start":{"line":115,"column":16},"end":{"line":115,"column":31}},"49":{"start":{"line":117,"column":16},"end":{"line":117,"column":51}},"50":{"start":{"line":118,"column":16},"end":{"line":118,"column":27}},"51":{"start":{"line":121,"column":12},"end":{"line":121,"column":53}},"52":{"start":{"line":122,"column":12},"end":{"line":122,"column":23}},"53":{"start":{"line":125,"column":8},"end":{"line":125,"column":27}},"54":{"start":{"line":126,"column":8},"end":{"line":126,"column":65}},"55":{"start":{"line":132,"column":25},"end":{"line":138,"column":1}},"56":{"start":{"line":134,"column":31},"end":{"line":134,"column":120}},"57":{"start":{"line":137,"column":4},"end":{"line":137,"column":87}},"58":{"start":{"line":145,"column":25},"end":{"line":169,"column":1}},"59":{"start":{"line":147,"column":4},"end":{"line":149,"column":5}},"60":{"start":{"line":148,"column":8},"end":{"line":148,"column":93}},"61":{"start":{"line":152,"column":29},"end":{"line":152,"column":54}},"62":{"start":{"line":156,"column":21},"end":{"line":156,"column":38}},"63":{"start":{"line":159,"column":20},"end":{"line":159,"column":36}},"64":{"start":{"line":162,"column":21},"end":{"line":162,"column":125}},"65":{"start":{"line":163,"column":4},"end":{"line":168,"column":5}},"66":{"start":{"line":164,"column":8},"end":{"line":164,"column":27}},"67":{"start":{"line":166,"column":8},"end":{"line":166,"column":70}},"68":{"start":{"line":167,"column":8},"end":{"line":167,"column":77}},"69":{"start":{"line":172,"column":20},"end":{"line":174,"column":1}},"70":{"start":{"line":173,"column":4},"end":{"line":173,"column":82}},"71":{"start":{"line":177,"column":24},"end":{"line":179,"column":1}},"72":{"start":{"line":178,"column":4},"end":{"line":178,"column":101}},"73":{"start":{"line":183,"column":22},"end":{"line":185,"column":1}},"74":{"start":{"line":184,"column":4},"end":{"line":184,"column":96}},"75":{"start":{"line":189,"column":24},"end":{"line":191,"column":1}},"76":{"start":{"line":190,"column":4},"end":{"line":190,"column":97}},"77":{"start":{"line":195,"column":29},"end":{"line":197,"column":1}},"78":{"start":{"line":196,"column":4},"end":{"line":196,"column":137}},"79":{"start":{"line":200,"column":0},"end":{"line":200,"column":240}}},"fnMap":{"0":{"name":"(anonymous_0)","decl":{"start":{"line":14,"column":31},"end":{"line":14,"column":32}},"loc":{"start":{"line":14,"column":103},"end":{"line":21,"column":1}},"line":14},"1":{"name":"(anonymous_1)","decl":{"start":{"line":25,"column":29},"end":{"line":25,"column":30}},"loc":{"start":{"line":25,"column":60},"end":{"line":31,"column":1}},"line":25},"2":{"name":"(anonymous_2)","decl":{"start":{"line":34,"column":27},"end":{"line":34,"column":28}},"loc":{"start":{"line":34,"column":41},"end":{"line":41,"column":1}},"line":34},"3":{"name":"(anonymous_3)","decl":{"start":{"line":40,"column":24},"end":{"line":40,"column":25}},"loc":{"start":{"line":40,"column":32},"end":{"line":40,"column":49}},"line":40},"4":{"name":"(anonymous_4)","decl":{"start":{"line":44,"column":20},"end":{"line":44,"column":21}},"loc":{"start":{"line":44,"column":30},"end":{"line":60,"column":1}},"line":44},"5":{"name":"(anonymous_5)","decl":{"start":{"line":64,"column":27},"end":{"line":64,"column":28}},"loc":{"start":{"line":64,"column":102},"end":{"line":94,"column":1}},"line":64},"6":{"name":"(anonymous_6)","decl":{"start":{"line":98,"column":26},"end":{"line":98,"column":27}},"loc":{"start":{"line":98,"column":63},"end":{"line":128,"column":1}},"line":98},"7":{"name":"(anonymous_7)","decl":{"start":{"line":132,"column":25},"end":{"line":132,"column":26}},"loc":{"start":{"line":132,"column":116},"end":{"line":138,"column":1}},"line":132},"8":{"name":"(anonymous_8)","decl":{"start":{"line":145,"column":25},"end":{"line":145,"column":26}},"loc":{"start":{"line":145,"column":89},"end":{"line":169,"column":1}},"line":145},"9":{"name":"(anonymous_9)","decl":{"start":{"line":172,"column":20},"end":{"line":172,"column":21}},"loc":{"start":{"line":172,"column":39},"end":{"line":174,"column":1}},"line":172},"10":{"name":"(anonymous_10)","decl":{"start":{"line":177,"column":24},"end":{"line":177,"column":25}},"loc":{"start":{"line":177,"column":43},"end":{"line":179,"column":1}},"line":177},"11":{"name":"(anonymous_11)","decl":{"start":{"line":183,"column":22},"end":{"line":183,"column":23}},"loc":{"start":{"line":183,"column":41},"end":{"line":185,"column":1}},"line":183},"12":{"name":"(anonymous_12)","decl":{"start":{"line":189,"column":24},"end":{"line":189,"column":25}},"loc":{"start":{"line":189,"column":43},"end":{"line":191,"column":1}},"line":189},"13":{"name":"(anonymous_13)","decl":{"start":{"line":195,"column":29},"end":{"line":195,"column":30}},"loc":{"start":{"line":195,"column":48},"end":{"line":197,"column":1}},"line":195}},"branchMap":{"0":{"loc":{"start":{"line":36,"column":4},"end":{"line":38,"column":5}},"type":"if","locations":[{"start":{"line":36,"column":4},"end":{"line":38,"column":5}},{"start":{},"end":{}}],"line":36},"1":{"loc":{"start":{"line":48,"column":4},"end":{"line":59,"column":5}},"type":"if","locations":[{"start":{"line":48,"column":4},"end":{"line":59,"column":5}},{"start":{"line":56,"column":11},"end":{"line":59,"column":5}}],"line":48},"2":{"loc":{"start":{"line":48,"column":8},"end":{"line":48,"column":33}},"type":"binary-expr","locations":[{"start":{"line":48,"column":8},"end":{"line":48,"column":17}},{"start":{"line":48,"column":21},"end":{"line":48,"column":33}}],"line":48},"3":{"loc":{"start":{"line":75,"column":8},"end":{"line":89,"column":9}},"type":"if","locations":[{"start":{"line":75,"column":8},"end":{"line":89,"column":9}},{"start":{"line":86,"column":15},"end":{"line":89,"column":9}}],"line":75},"4":{"loc":{"start":{"line":79,"column":12},"end":{"line":85,"column":13}},"type":"if","locations":[{"start":{"line":79,"column":12},"end":{"line":85,"column":13}},{"start":{"line":82,"column":19},"end":{"line":85,"column":13}}],"line":79},"5":{"loc":{"start":{"line":109,"column":8},"end":{"line":123,"column":9}},"type":"if","locations":[{"start":{"line":109,"column":8},"end":{"line":123,"column":9}},{"start":{"line":120,"column":15},"end":{"line":123,"column":9}}],"line":109},"6":{"loc":{"start":{"line":113,"column":12},"end":{"line":119,"column":13}},"type":"if","locations":[{"start":{"line":113,"column":12},"end":{"line":119,"column":13}},{"start":{"line":116,"column":19},"end":{"line":119,"column":13}}],"line":113},"7":{"loc":{"start":{"line":147,"column":4},"end":{"line":149,"column":5}},"type":"if","locations":[{"start":{"line":147,"column":4},"end":{"line":149,"column":5}},{"start":{},"end":{}}],"line":147},"8":{"loc":{"start":{"line":147,"column":8},"end":{"line":147,"column":77}},"type":"binary-expr","locations":[{"start":{"line":147,"column":8},"end":{"line":147,"column":34}},{"start":{"line":147,"column":38},"end":{"line":147,"column":56}},{"start":{"line":147,"column":60},"end":{"line":147,"column":77}}],"line":147},"9":{"loc":{"start":{"line":163,"column":4},"end":{"line":168,"column":5}},"type":"if","locations":[{"start":{"line":163,"column":4},"end":{"line":168,"column":5}},{"start":{"line":165,"column":11},"end":{"line":168,"column":5}}],"line":163}},"s":{"0":1,"1":1,"2":1,"3":1,"4":1,"5":1,"6":1,"7":1,"8":11,"9":1,"10":11,"11":1,"12":12,"13":8,"14":4,"15":5,"16":1,"17":9,"18":9,"19":6,"20":6,"21":6,"22":1,"23":1,"24":3,"25":3,"26":1,"27":10,"28":10,"29":10,"30":10,"31":10,"32":3,"33":3,"34":2,"35":1,"36":1,"37":7,"38":7,"39":0,"40":0,"41":1,"42":10,"43":10,"44":10,"45":10,"46":3,"47":3,"48":2,"49":1,"50":1,"51":7,"52":7,"53":0,"54":0,"55":1,"56":7,"57":7,"58":1,"59":7,"60":5,"61":7,"62":7,"63":7,"64":7,"65":7,"66":1,"67":6,"68":6,"69":1,"70":1,"71":1,"72":1,"73":1,"74":1,"75":1,"76":1,"77":1,"78":1,"79":1},"f":{"0":11,"1":11,"2":12,"3":5,"4":9,"5":10,"6":10,"7":7,"8":7,"9":1,"10":1,"11":1,"12":1,"13":1},"b":{"0":[8,4],"1":[6,3],"2":[9,6],"3":[3,7],"4":[2,1],"5":[3,7],"6":[2,1],"7":[5,2],"8":[7,7,7],"9":[1,6]},"_coverageSchema":"1a1c01bbd47fc00a2c39e90264f33305004495a9","hash":"bce5597c303e72a3ebb9f1c5b846732cad27fede"}
}
