TN:
SF:server\data\descriptive_format.js
FNF:0
FNH:0
DA:1,1
DA:117,1
DA:121,1
DA:173,1
LF:4
LH:4
BRF:0
BRH:0
end_of_record
TN:
SF:server\data\matrix_format.js
FNF:0
FNH:0
DA:1,3
DA:182,3
DA:186,3
DA:271,3
LF:4
LH:4
BRF:0
BRH:0
end_of_record
TN:
SF:server\data\mcq_format.js
FNF:0
FNH:0
DA:1,3
DA:145,3
DA:149,3
DA:217,3
LF:4
LH:4
BRF:0
BRH:0
end_of_record
TN:
SF:server\data\slider_format.js
FNF:0
FNH:0
DA:1,3
DA:131,3
DA:135,3
DA:196,3
LF:4
LH:4
BRF:0
BRH:0
end_of_record
TN:
SF:server\data\textInput_format.js
FNF:0
FNH:0
DA:1,1
DA:108,1
DA:112,1
DA:157,1
LF:4
LH:4
BRF:0
BRH:0
end_of_record
TN:
SF:server\database\db.js
FN:10,(anonymous_0)
FNF:1
FNH:0
FNDA:0,(anonymous_0)
DA:2,1
DA:3,1
DA:10,1
DA:11,0
DA:12,0
DA:13,0
DA:15,0
DA:18,1
LF:8
LH:4
BRDA:11,0,0,0
BRDA:11,0,1,0
BRF:2
BRH:0
end_of_record
TN:
SF:server\database\helperFunctions.js
FN:4,(anonymous_0)
FN:5,(anonymous_1)
FN:7,(anonymous_2)
FN:15,(anonymous_3)
FN:16,(anonymous_4)
FN:18,(anonymous_5)
FN:26,(anonymous_6)
FN:27,(anonymous_7)
FN:34,(anonymous_8)
FN:36,(anonymous_9)
FN:42,(anonymous_10)
FN:43,(anonymous_11)
FN:59,(anonymous_12)
FN:70,(anonymous_13)
FN:71,(anonymous_14)
FN:73,(anonymous_15)
FNF:16
FNH:0
FNDA:0,(anonymous_0)
FNDA:0,(anonymous_1)
FNDA:0,(anonymous_2)
FNDA:0,(anonymous_3)
FNDA:0,(anonymous_4)
FNDA:0,(anonymous_5)
FNDA:0,(anonymous_6)
FNDA:0,(anonymous_7)
FNDA:0,(anonymous_8)
FNDA:0,(anonymous_9)
FNDA:0,(anonymous_10)
FNDA:0,(anonymous_11)
FNDA:0,(anonymous_12)
FNDA:0,(anonymous_13)
FNDA:0,(anonymous_14)
FNDA:0,(anonymous_15)
DA:1,1
DA:4,1
DA:5,0
DA:6,0
DA:7,0
DA:8,0
DA:9,0
DA:15,1
DA:16,0
DA:17,0
DA:18,0
DA:19,0
DA:20,0
DA:26,1
DA:27,0
DA:28,0
DA:34,0
DA:35,0
DA:36,0
DA:42,1
DA:43,0
DA:44,0
DA:45,0
DA:46,0
DA:47,0
DA:49,0
DA:50,0
DA:52,0
DA:53,0
DA:56,0
DA:57,0
DA:59,0
DA:60,0
DA:61,0
DA:64,0
DA:70,1
DA:71,0
DA:72,0
DA:73,0
DA:74,0
DA:75,0
DA:80,1
LF:42
LH:7
BRDA:8,0,0,0
BRDA:8,0,1,0
BRDA:19,1,0,0
BRDA:19,1,1,0
BRDA:35,2,0,0
BRDA:35,2,1,0
BRDA:52,3,0,0
BRDA:52,3,1,0
BRDA:52,4,0,0
BRDA:52,4,1,0
BRDA:60,5,0,0
BRDA:60,5,1,0
BRDA:74,6,0,0
BRDA:74,6,1,0
BRF:14
BRH:0
end_of_record
TN:
SF:server\database\surveyGenerationFunctions.js
FN:4,(anonymous_0)
FN:26,(anonymous_1)
FNF:2
FNH:2
FNDA:2,(anonymous_0)
FNDA:2,(anonymous_1)
DA:1,1
DA:4,1
DA:5,2
DA:16,2
DA:17,2
DA:18,1
DA:20,1
DA:26,1
DA:27,2
DA:32,2
DA:33,2
DA:34,1
DA:36,1
DA:41,1
LF:14
LH:14
BRF:0
BRH:0
end_of_record
TN:
SF:server\database\viewSurveysHelper.js
FN:8,(anonymous_0)
FN:30,(anonymous_1)
FNF:2
FNH:2
FNDA:2,(anonymous_0)
FNDA:2,(anonymous_1)
DA:1,1
DA:8,1
DA:9,2
DA:15,2
DA:16,2
DA:17,1
DA:19,1
DA:20,1
DA:30,1
DA:31,2
DA:33,2
DA:34,1
DA:36,1
DA:37,1
DA:42,1
LF:15
LH:15
BRF:0
BRH:0
end_of_record
TN:
SF:server\dbtools\database.js
FN:10,(anonymous_0)
FNF:1
FNH:0
FNDA:0,(anonymous_0)
DA:1,2
DA:3,2
DA:10,2
DA:11,0
DA:12,0
DA:13,0
DA:15,0
DA:19,2
LF:8
LH:4
BRDA:11,0,0,0
BRDA:11,0,1,0
BRF:2
BRH:0
end_of_record
TN:
SF:server\dbtools\dbUtils.js
FN:11,executeQuery
FN:12,(anonymous_1)
FN:13,(anonymous_2)
FN:27,getAll
FN:39,getById
FN:50,insertRow
FN:63,updateRow
FN:75,deleteRow
FNF:8
FNH:0
FNDA:0,executeQuery
FNDA:0,(anonymous_1)
FNDA:0,(anonymous_2)
FNDA:0,getAll
FNDA:0,getById
FNDA:0,insertRow
FNDA:0,updateRow
FNDA:0,deleteRow
DA:3,2
DA:12,0
DA:13,0
DA:14,0
DA:15,0
DA:17,0
DA:28,0
DA:29,0
DA:40,0
DA:41,0
DA:51,0
DA:52,0
DA:64,0
DA:65,0
DA:76,0
DA:77,0
DA:80,2
LF:17
LH:2
BRDA:11,0,0,0
BRDA:14,1,0,0
BRDA:14,1,1,0
BRF:3
BRH:0
end_of_record
TN:
SF:server\routes\Authentication\authController.js
FN:9,(anonymous_0)
FN:28,(anonymous_1)
FN:48,(anonymous_2)
FNF:3
FNH:3
FNDA:2,(anonymous_0)
FNDA:4,(anonymous_1)
FNDA:3,(anonymous_2)
DA:1,1
DA:2,1
DA:3,1
DA:4,1
DA:9,1
DA:10,2
DA:11,2
DA:12,2
DA:13,2
DA:14,1
DA:15,1
DA:20,1
DA:22,1
DA:23,1
DA:28,1
DA:29,4
DA:30,4
DA:31,4
DA:32,4
DA:33,3
DA:34,1
DA:37,2
DA:38,2
DA:39,1
DA:42,1
DA:44,1
DA:45,1
DA:48,1
DA:49,3
DA:51,3
DA:53,3
DA:54,3
DA:55,1
DA:58,2
DA:59,2
DA:61,1
DA:62,1
DA:65,1
DA:68,1
DA:71,1
DA:74,2
DA:75,2
DA:82,1
LF:43
LH:43
BRDA:33,0,0,1
BRDA:33,0,1,2
BRDA:38,1,0,1
BRDA:38,1,1,1
BRDA:54,2,0,1
BRDA:54,2,1,2
BRF:6
BRH:6
end_of_record
TN:
SF:server\routes\Gemini\geminiController.js
FN:15,(anonymous_0)
FNF:1
FNH:1
FNDA:2,(anonymous_0)
DA:2,2
DA:3,2
DA:5,2
DA:6,2
DA:8,2
DA:10,2
DA:11,2
DA:12,2
DA:15,2
DA:17,2
DA:18,2
DA:19,2
DA:20,1
DA:21,1
DA:23,1
DA:24,1
DA:27,1
DA:29,1
DA:81,2
LF:19
LH:19
BRF:0
BRH:0
end_of_record
TN:
SF:server\routes\ManualAddition\manualAdditionController.js
FN:9,(anonymous_0)
FN:14,(anonymous_1)
FN:19,(anonymous_2)
FN:24,(anonymous_3)
FN:29,(anonymous_4)
FNF:5
FNH:5
FNDA:1,(anonymous_0)
FNDA:1,(anonymous_1)
FNDA:1,(anonymous_2)
FNDA:1,(anonymous_3)
FNDA:1,(anonymous_4)
DA:2,1
DA:3,1
DA:4,1
DA:5,1
DA:6,1
DA:9,1
DA:10,1
DA:14,1
DA:15,1
DA:19,1
DA:20,1
DA:24,1
DA:25,1
DA:29,1
DA:30,1
DA:33,1
LF:16
LH:16
BRF:0
BRH:0
end_of_record
TN:
SF:server\routes\QuestionGeneration\questionGenerationController.js
FN:14,(anonymous_0)
FN:25,(anonymous_1)
FN:34,(anonymous_2)
FN:40,(anonymous_3)
FN:44,(anonymous_4)
FN:64,(anonymous_5)
FN:98,(anonymous_6)
FN:132,(anonymous_7)
FN:145,(anonymous_8)
FN:172,(anonymous_9)
FN:177,(anonymous_10)
FN:183,(anonymous_11)
FN:189,(anonymous_12)
FN:195,(anonymous_13)
FNF:14
FNH:14
FNDA:11,(anonymous_0)
FNDA:11,(anonymous_1)
FNDA:12,(anonymous_2)
FNDA:5,(anonymous_3)
FNDA:9,(anonymous_4)
FNDA:10,(anonymous_5)
FNDA:10,(anonymous_6)
FNDA:7,(anonymous_7)
FNDA:7,(anonymous_8)
FNDA:1,(anonymous_9)
FNDA:1,(anonymous_10)
FNDA:1,(anonymous_11)
FNDA:1,(anonymous_12)
FNDA:1,(anonymous_13)
DA:1,1
DA:4,1
DA:5,1
DA:6,1
DA:7,1
DA:8,1
DA:9,1
DA:14,1
DA:16,11
DA:25,1
DA:26,11
DA:34,1
DA:36,12
DA:37,8
DA:40,5
DA:44,1
DA:46,9
DA:48,9
DA:49,6
DA:50,6
DA:51,6
DA:53,1
DA:54,1
DA:57,3
DA:58,3
DA:64,1
DA:66,10
DA:67,10
DA:71,10
DA:73,10
DA:75,10
DA:77,3
DA:79,3
DA:81,2
DA:83,1
DA:84,1
DA:87,7
DA:88,7
DA:91,0
DA:92,0
DA:98,1
DA:100,10
DA:105,10
DA:107,10
DA:109,10
DA:111,3
DA:113,3
DA:115,2
DA:117,1
DA:118,1
DA:121,7
DA:122,7
DA:125,0
DA:126,0
DA:132,1
DA:134,7
DA:137,7
DA:145,1
DA:147,7
DA:148,5
DA:152,7
DA:156,7
DA:159,7
DA:162,7
DA:163,7
DA:164,1
DA:166,6
DA:167,6
DA:172,1
DA:173,1
DA:177,1
DA:178,1
DA:183,1
DA:184,1
DA:189,1
DA:190,1
DA:195,1
DA:196,1
DA:200,1
LF:79
LH:75
BRDA:36,0,0,8
BRDA:36,0,1,4
BRDA:48,1,0,6
BRDA:48,1,1,3
BRDA:48,2,0,9
BRDA:48,2,1,6
BRDA:75,3,0,3
BRDA:75,3,1,7
BRDA:79,4,0,2
BRDA:79,4,1,1
BRDA:109,5,0,3
BRDA:109,5,1,7
BRDA:113,6,0,2
BRDA:113,6,1,1
BRDA:147,7,0,5
BRDA:147,7,1,2
BRDA:147,8,0,7
BRDA:147,8,1,7
BRDA:147,8,2,7
BRDA:163,9,0,1
BRDA:163,9,1,6
BRF:21
BRH:21
end_of_record
